== INICIO DE PRUEBAS - 2025-05-11 01:29:53.954485 ==


==================================================
Running test: P-FUNC-01 - Funcion con parametros correctos
==================================================

Código:
program test1;

var
    i, j, k, a : int;
    x, y : float;

void uno(i : int)
[
    var x : int;
    {
        x = 1;
    }
];

main {
    a = 1 + 2;
}

end


Parse result: Success

No semantic errors found.
--------------------------------------------------------------------------------


==================================================
Running test: P-FUNC-02 - Funcion con variable doblemente declarada
==================================================

Código:
program test2;

var
    i, j,a, k, k : int;
    x, y : float;

void uno(i : int)
[
    var x : int;
    {
        x = 1;
    }
];

main {
    a = 1 + 2;
}

end


Parse result: Success

Found 1 semantic errors:
  1. Semantic error: Variable 'k' declared multiple times in the same declaration
--------------------------------------------------------------------------------


==================================================
Running test: P-FUNC-03 - Funciones duplicadas
==================================================

Código:
program pelos;

var
    i, j, k,a  : int;
    x, y : float;

void uno(i : int)
[
    var x : int;
    {
        x = 1;
    }
];

void uno(i : int)
[
    var x : int;
    {
        x = 1;
    }
];

main {
    a = 1 + 2;
}

end


Parse result: Success

Found 4 semantic errors:
  1. Semantic error: Function 'uno' already declared
  2. Semantic error: Variable 'x' already declared in global scope
  3. Semantic error: Cannot declare parameters in global scope
  4. Semantic error: Not inside a function declaration
--------------------------------------------------------------------------------


==================================================
Running test: P-FUNC-04 - Funcion y main sin errores
==================================================

Código:
program uno;

var
    i, j, k ,a : int;
    x, y : float;

void uno(i : int)
[
    var x : int;
    {
        x = 1;
    }
];

main {
    a = 1 + 2;
}

end


Parse result: Success

No semantic errors found.
--------------------------------------------------------------------------------


==================================================
Running test: P-FUNC-05 - Programa sin main
==================================================

Código:
program sinmain;

var a : int;

void saluda() [
    {
        a = 3;
    }
];

end


Parse result: Success

Found 2 semantic errors:
  1. Semantic error: Missing 'main' section in program
  2. Semantic error: Program must have a 'main' function
--------------------------------------------------------------------------------


==================================================
Running test: P-FUNC-07 - Uso de variable no declarada
==================================================

Código:
program undeclared_var;

main {
    a = 5;  
}

end


Parse result: Success

Found 2 semantic errors:
  1. Semantic error: Variable 'a' not declared
  2. Semantic error: Variable 'a' not declared
--------------------------------------------------------------------------------


==================================================
Running test: P-FUNC-08 - Asignación con error de tipo
==================================================

Código:
program wrongtype;

var a : int;

main {
    a = 3.5; 
}

end


Parse result: Success

Found 1 semantic errors:
  1. Semantic error: Incompatible types in assignment to 'a': Cannot assign Type.FLOAT to Type.INT
--------------------------------------------------------------------------------


==================================================
Running test: P-FUNC-09 - Polimorfismo en un nombre
==================================================

Código:
program nameconflict;

var prueba : int;

void prueba() [  
    {
        prueba = 3;
    }
];

main {
    prueba = 1;
}

end


Parse result: Success

No semantic errors found.
--------------------------------------------------------------------------------


==================================================
Running test: P-FUNC-10 - Llamada a función no declarada
==================================================

Código:
program callfunc;

main {
    uno(); 
}

end


Parse result: Success

Found 1 semantic errors:
  1. Semantic error: Function 'uno' not declared
--------------------------------------------------------------------------------


== FIN DE PRUEBAS - 2025-05-11 01:30:04.851728 ==

